Command line:
   carry_lookahead_adder_isim_beh.exe
     -simmode  gui
     -simrunnum  0
     -socket  65508

Wed Sep 02 13:54:39 2020


 Elaboration Time: 0.046875 sec

 Current Memory Usage: 5160.49 Meg

 Total Signals          : 73
 Total Nets             : 46
 Total Signal Drivers   : 33
 Total Blocks           : 14
 Total Primitive Blocks : 9
 Total Processes        : 33
 Total Traceable Variables  : 8
 Total Scalar Nets and Variables : 406
Total Line Count : 33

 Total Simulation Time: 0.046875 sec

 Current Memory Usage: 5160.49 Meg

Wed Sep 02 13:54:47 2020

