Command line:
   tb_carry_select_adder_isim_beh.exe
     -simmode  gui
     -simrunnum  0
     -socket  65514

Wed Sep 02 13:58:04 2020


 Elaboration Time: 0.03125 sec

 Current Memory Usage: 5160.5 Meg

 Total Signals          : 189
 Total Nets             : 61
 Total Signal Drivers   : 48
 Total Blocks           : 34
 Total Primitive Blocks : 22
 Total Processes        : 46
 Total Traceable Variables  : 8
 Total Scalar Nets and Variables : 421
Total Line Count : 49

 Total Simulation Time: 0.046875 sec

 Current Memory Usage: 5160.5 Meg

Wed Sep 02 13:58:20 2020

