Command line:
   tb_Reg_4bits_isim_beh.exe
     -simmode  gui
     -simrunnum  0
     -socket  51402

Wed Sep 09 03:33:34 2020


 Elaboration Time: 0.03125 sec

 Current Memory Usage: 5159.92 Meg

 Total Signals          : 68
 Total Nets             : 24
 Total Signal Drivers   : 14
 Total Blocks           : 11
 Total Primitive Blocks : 9
 Total Processes        : 11
 Total Traceable Variables  : 9
 Total Scalar Nets and Variables : 385
Total Line Count : 40

 Total Simulation Time: 0.109375 sec

 Current Memory Usage: 5474.5 Meg

Wed Sep 09 03:34:08 2020

