Command line:
   moore_1101_detector_tb_isim_beh.exe
     -simmode  gui
     -simrunnum  0
     -socket  61010

Wed Aug 26 12:08:03 2020


 Elaboration Time: 0.078125 sec

 Current Memory Usage: 5159.95 Meg

 Total Signals          : 10
 Total Nets             : 6
 Total Signal Drivers   : 5
 Total Blocks           : 3
 Total Primitive Blocks : 2
 Total Processes        : 5
 Total Traceable Variables  : 9
 Total Scalar Nets and Variables : 367
Total Line Count : 50

 Total Simulation Time: 0.09375 sec

 Current Memory Usage: 5159.95 Meg

Wed Aug 26 12:08:25 2020

