Release 14.7 - xst P.20131013 (nt64)
Copyright (c) 1995-2013 Xilinx, Inc.  All rights reserved.
--> Parameter TMPDIR set to xst/projnav.tmp


Total REAL time to Xst completion: 2.00 secs
Total CPU time to Xst completion: 1.57 secs
 
--> Parameter xsthdpdir set to xst


Total REAL time to Xst completion: 2.00 secs
Total CPU time to Xst completion: 1.57 secs
 
--> Reading design: four_bit_multiplexer4to1.prj

TABLE OF CONTENTS
  1) Synthesis Options Summary
  2) HDL Compilation
  3) Design Hierarchy Analysis
  4) HDL Analysis
  5) HDL Synthesis
     5.1) HDL Synthesis Report
  6) Advanced HDL Synthesis
     6.1) Advanced HDL Synthesis Report
  7) Low Level Synthesis
  8) Partition Report
  9) Final Report
	9.1) Device utilization summary
	9.2) Partition Resource Summary
	9.3) TIMING REPORT


=========================================================================
*                      Synthesis Options Summary                        *
=========================================================================
---- Source Parameters
Input File Name                    : "four_bit_multiplexer4to1.prj"
Input Format                       : mixed
Ignore Synthesis Constraint File   : NO

---- Target Parameters
Output File Name                   : "four_bit_multiplexer4to1"
Output Format                      : NGC
Target Device                      : xc3s400-5-pq208

---- Source Options
Top Module Name                    : four_bit_multiplexer4to1
Automatic FSM Extraction           : YES
FSM Encoding Algorithm             : Auto
Safe Implementation                : No
FSM Style                          : LUT
RAM Extraction                     : Yes
RAM Style                          : Auto
ROM Extraction                     : Yes
Mux Style                          : Auto
Decoder Extraction                 : YES
Priority Encoder Extraction        : Yes
Shift Register Extraction          : YES
Logical Shifter Extraction         : YES
XOR Collapsing                     : YES
ROM Style                          : Auto
Mux Extraction                     : Yes
Resource Sharing                   : YES
Asynchronous To Synchronous        : NO
Multiplier Style                   : Auto
Automatic Register Balancing       : No

---- Target Options
Add IO Buffers                     : YES
Global Maximum Fanout              : 500
Add Generic Clock Buffer(BUFG)     : 8
Register Duplication               : YES
Slice Packing                      : YES
Optimize Instantiated Primitives   : NO
Use Clock Enable                   : Yes
Use Synchronous Set                : Yes
Use Synchronous Reset              : Yes
Pack IO Registers into IOBs        : Auto
Equivalent register Removal        : YES

---- General Options
Optimization Goal                  : Speed
Optimization Effort                : 1
Keep Hierarchy                     : No
Netlist Hierarchy                  : As_Optimized
RTL Output                         : Yes
Global Optimization                : AllClockNets
Read Cores                         : YES
Write Timing Constraints           : NO
Cross Clock Analysis               : NO
Hierarchy Separator                : /
Bus Delimiter                      : <>
Case Specifier                     : Maintain
Slice Utilization Ratio            : 100
BRAM Utilization Ratio             : 100
Verilog 2001                       : YES
Auto BRAM Packing                  : NO
Slice Utilization Ratio Delta      : 5

=========================================================================


=========================================================================
*                          HDL Compilation                              *
=========================================================================
Compiling vhdl file "C:/Users/Aryan/Documents/University/Computer Architecture/Session2/not_gate.vhd" in Library work.
Entity <not_gate> compiled.
Entity <not_gate> (Architecture <Behavioral>) compiled.
Compiling vhdl file "C:/Users/Aryan/Documents/University/Computer Architecture/Session2/and_gate.vhd" in Library work.
Entity <and_gate> compiled.
Entity <and_gate> (Architecture <Behavioral>) compiled.
Compiling vhdl file "C:/Users/Aryan/Documents/University/Computer Architecture/Session2/or_gate.vhd" in Library work.
Entity <or_gate> compiled.
Entity <or_gate> (Architecture <Behavioral>) compiled.
Compiling vhdl file "C:/Users/Aryan/Documents/University/Computer Architecture/Session2/multiplexer4to1.vhd" in Library work.
Entity <multiplexer4to1> compiled.
Entity <multiplexer4to1> (Architecture <structure>) compiled.
Compiling vhdl file "C:/Users/Aryan/Documents/University/Computer Architecture/Session2/four_bit_multiplexer4to1.vhd" in Library work.
Entity <four_bit_multiplexer4to1> compiled.
Entity <four_bit_multiplexer4to1> (Architecture <structure>) compiled.

=========================================================================
*                     Design Hierarchy Analysis                         *
=========================================================================
Analyzing hierarchy for entity <four_bit_multiplexer4to1> in library <work> (architecture <structure>).

Analyzing hierarchy for entity <multiplexer4to1> in library <work> (architecture <structure>).

Analyzing hierarchy for entity <not_gate> in library <work> (architecture <Behavioral>).

Analyzing hierarchy for entity <and_gate> in library <work> (architecture <Behavioral>).

Analyzing hierarchy for entity <or_gate> in library <work> (architecture <Behavioral>).


=========================================================================
*                            HDL Analysis                               *
=========================================================================
Analyzing Entity <four_bit_multiplexer4to1> in library <work> (Architecture <structure>).
Entity <four_bit_multiplexer4to1> analyzed. Unit <four_bit_multiplexer4to1> generated.

Analyzing Entity <multiplexer4to1> in library <work> (Architecture <structure>).
Entity <multiplexer4to1> analyzed. Unit <multiplexer4to1> generated.

Analyzing Entity <not_gate> in library <work> (Architecture <Behavioral>).
Entity <not_gate> analyzed. Unit <not_gate> generated.

Analyzing Entity <and_gate> in library <work> (Architecture <Behavioral>).
Entity <and_gate> analyzed. Unit <and_gate> generated.

Analyzing Entity <or_gate> in library <work> (Architecture <Behavioral>).
Entity <or_gate> analyzed. Unit <or_gate> generated.


=========================================================================
*                           HDL Synthesis                               *
=========================================================================

Performing bidirectional port resolution...

Synthesizing Unit <not_gate>.
    Related source file is "C:/Users/Aryan/Documents/University/Computer Architecture/Session2/not_gate.vhd".
Unit <not_gate> synthesized.


Synthesizing Unit <and_gate>.
    Related source file is "C:/Users/Aryan/Documents/University/Computer Architecture/Session2/and_gate.vhd".
Unit <and_gate> synthesized.


Synthesizing Unit <or_gate>.
    Related source file is "C:/Users/Aryan/Documents/University/Computer Architecture/Session2/or_gate.vhd".
Unit <or_gate> synthesized.


Synthesizing Unit <multiplexer4to1>.
    Related source file is "C:/Users/Aryan/Documents/University/Computer Architecture/Session2/multiplexer4to1.vhd".
Unit <multiplexer4to1> synthesized.


Synthesizing Unit <four_bit_multiplexer4to1>.
    Related source file is "C:/Users/Aryan/Documents/University/Computer Architecture/Session2/four_bit_multiplexer4to1.vhd".
Unit <four_bit_multiplexer4to1> synthesized.


=========================================================================
HDL Synthesis Report

Found no macro
=========================================================================

=========================================================================
*                       Advanced HDL Synthesis                          *
=========================================================================


=========================================================================
Advanced HDL Synthesis Report

Found no macro
=========================================================================

=========================================================================
*                         Low Level Synthesis                           *
=========================================================================

Optimizing unit <four_bit_multiplexer4to1> ...

Mapping all equations...
Building and optimizing final netlist ...
Found area constraint ratio of 100 (+ 5) on block four_bit_multiplexer4to1, actual ratio is 0.

Final Macro Processing ...

=========================================================================
Final Register Report

Found no macro
=========================================================================

=========================================================================
*                           Partition Report                            *
=========================================================================

Partition Implementation Status
-------------------------------

  No Partitions were found in this design.

-------------------------------

=========================================================================
*                            Final Report                               *
=========================================================================
Final Results
RTL Top Level Output File Name     : four_bit_multiplexer4to1.ngr
Top Level Output File Name         : four_bit_multiplexer4to1
Output Format                      : NGC
Optimization Goal                  : Speed
Keep Hierarchy                     : No

Design Statistics
# IOs                              : 23

Cell Usage :
# BELS                             : 12
#      LUT4                        : 8
#      MUXF5                       : 4
# IO Buffers                       : 23
#      IBUF                        : 19
#      OBUF                        : 4
=========================================================================

Device utilization summary:
---------------------------

Selected Device : 3s400pq208-5 

 Number of Slices:                        4  out of   3584     0%  
 Number of 4 input LUTs:                  8  out of   7168     0%  
 Number of IOs:                          23
 Number of bonded IOBs:                  23  out of    141    16%  

---------------------------
Partition Resource Summary:
---------------------------

  No Partitions were found in this design.

---------------------------


=========================================================================
TIMING REPORT

NOTE: THESE TIMING NUMBERS ARE ONLY A SYNTHESIS ESTIMATE.
      FOR ACCURATE TIMING INFORMATION PLEASE REFER TO THE TRACE REPORT
      GENERATED AFTER PLACE-and-ROUTE.

Clock Information:
------------------
No clock signals found in this design

Asynchronous Control Signals Information:
----------------------------------------
No asynchronous control signals found in this design

Timing Summary:
---------------
Speed Grade: -5

   Minimum period: No path found
   Minimum input arrival time before clock: No path found
   Maximum output required time after clock: No path found
   Maximum combinational path delay: 8.313ns

Timing Detail:
--------------
All values displayed in nanoseconds (ns)

=========================================================================
Timing constraint: Default path analysis
  Total number of paths / destination ports: 36 / 4
-------------------------------------------------------------------------
Delay:               8.313ns (Levels of Logic = 4)
  Source:            enable (PAD)
  Destination:       output<3> (PAD)

  Data Path: enable to output<3>
                                Gate     Net
    Cell:in->out      fanout   Delay   Delay  Logical Name (Net Name)
    ----------------------------------------  ------------
     IBUF:I->O             8   0.715   1.216  enable_IBUF (enable_IBUF)
     LUT4:I0->O            1   0.479   0.000  third_bit_multiplexer/res_and_enable/C_F (N16)
     MUXF5:I0->O           1   0.314   0.681  third_bit_multiplexer/res_and_enable/C (output_2_OBUF)
     OBUF:I->O                 4.909          output_2_OBUF (output<2>)
    ----------------------------------------
    Total                      8.313ns (6.417ns logic, 1.896ns route)
                                       (77.2% logic, 22.8% route)

=========================================================================


Total REAL time to Xst completion: 8.00 secs
Total CPU time to Xst completion: 7.71 secs
 
--> 

Total memory usage is 4506552 kilobytes

Number of errors   :    0 (   0 filtered)
Number of warnings :    0 (   0 filtered)
Number of infos    :    0 (   0 filtered)

