Running: C:\Xilinx\14.7\ISE_DS\ISE\bin\nt64\unwrapped\fuse.exe -intstyle ise -incremental -o C:/Users/Aryan/Documents/University/Computer Architecture/Session2/multiplexer_test_bench_isim_beh.exe -prj C:/Users/Aryan/Documents/University/Computer Architecture/Session2/multiplexer_test_bench_beh.prj work.multiplexer_test_bench 
ISim P.20131013 (signature 0x7708f090)
Number of CPUs detected in this system: 8
Turning on mult-threading, number of parallel sub-compilation jobs: 16 
Determining compilation order of HDL files
Parsing VHDL file "C:/Users/Aryan/Documents/University/Computer Architecture/Session2/or_gate.vhd" into library work
Parsing VHDL file "C:/Users/Aryan/Documents/University/Computer Architecture/Session2/not_gate.vhd" into library work
Parsing VHDL file "C:/Users/Aryan/Documents/University/Computer Architecture/Session2/and_gate.vhd" into library work
Parsing VHDL file "C:/Users/Aryan/Documents/University/Computer Architecture/Session2/multiplexer4to1.vhd" into library work
Parsing VHDL file "C:/Users/Aryan/Documents/University/Computer Architecture/Session2/four_bit_multiplexer4to1.vhd" into library work
Parsing VHDL file "C:/Users/Aryan/Documents/University/Computer Architecture/Session2/multiplexer_test_bench.vhd" into library work
Starting static elaboration
Completed static elaboration
Compiling package standard
Compiling package std_logic_1164
Compiling architecture behavioral of entity not_gate [not_gate_default]
Compiling architecture behavioral of entity and_gate [and_gate_default]
Compiling architecture behavioral of entity or_gate [or_gate_default]
Compiling architecture structure of entity multiplexer4to1 [multiplexer4to1_default]
Compiling architecture structure of entity four_bit_multiplexer4to1 [four_bit_multiplexer4to1_default]
Compiling architecture behavior of entity multiplexer_test_bench
Time Resolution for simulation is 1ps.
Waiting for 1 sub-compilation(s) to finish...
Compiled 13 VHDL Units
Built simulation executable C:/Users/Aryan/Documents/University/Computer Architecture/Session2/multiplexer_test_bench_isim_beh.exe
Fuse Memory Usage: 29576 KB
Fuse CPU Usage: 592 ms
