Command line:
   mealy_1101_detector_tb_isim_beh.exe
     -simmode  gui
     -simrunnum  0
     -socket  60937

Wed Aug 26 11:25:32 2020


 Elaboration Time: 0.03125 sec

 Current Memory Usage: 5159.94 Meg

 Total Signals          : 10
 Total Nets             : 6
 Total Signal Drivers   : 5
 Total Blocks           : 3
 Total Primitive Blocks : 2
 Total Processes        : 4
 Total Traceable Variables  : 9
 Total Scalar Nets and Variables : 367
Total Line Count : 54

 Total Simulation Time: 0.03125 sec

 Current Memory Usage: 5159.94 Meg

Wed Aug 26 11:25:42 2020

