Running: C:\Xilinx\14.7\ISE_DS\ISE\bin\nt64\unwrapped\fuse.exe -intstyle ise -incremental -lib secureip -o C:/Users/Aryan/Documents/University/Computer Architecture/Session8/divider_testbench_isim_beh.exe -prj C:/Users/Aryan/Documents/University/Computer Architecture/Session8/divider_testbench_beh.prj work.divider_testbench 
ISim P.20131013 (signature 0x7708f090)
Number of CPUs detected in this system: 8
Turning on mult-threading, number of parallel sub-compilation jobs: 16 
Determining compilation order of HDL files
Parsing VHDL file "C:/Users/Aryan/Documents/University/Computer Architecture/Session8/divider.vhd" into library work
Parsing VHDL file "C:/Users/Aryan/Documents/University/Computer Architecture/Session8/tb_divider.vhd" into library work
Starting static elaboration
Completed static elaboration
Compiling package standard
Compiling package std_logic_1164
Compiling package std_logic_arith
Compiling package std_logic_unsigned
Compiling package numeric_std
Compiling architecture behavioral of entity divider [divider_default]
Compiling architecture behavior of entity divider_testbench
Time Resolution for simulation is 1ps.
Waiting for 1 sub-compilation(s) to finish...
Compiled 8 VHDL Units
Built simulation executable C:/Users/Aryan/Documents/University/Computer Architecture/Session8/divider_testbench_isim_beh.exe
Fuse Memory Usage: 37520 KB
Fuse CPU Usage: 749 ms
